<?xml version="1.0" encoding="UTF-8"?>
<testsuite name="com.vinay.service.impl.BarrierServiceImplTests" time="0.111" tests="12" errors="0" skipped="0" failures="0">
  <properties>
[...]
</properties>
  <testcase name="attemptToPassBarrier_shouldNotRefundFareIfPreviousTubeBarrierWasExit" classname="com.vinay.service.impl.BarrierServiceImplTests" time="0.097"/>
  <testcase name="minZonesCrossed_shouldReturnOneZoneIfOneZoneCrossed" classname="com.vinay.service.impl.BarrierServiceImplTests" time="0"/>
  <testcase name="attemptToPassBarrier_shouldNotRefundFareIfNoPreviousJourney" classname="com.vinay.service.impl.BarrierServiceImplTests" time="0.002"/>
  <testcase name="attemptToPassBarrier_shouldRemoveMaxFareWhenPassingInForTubeJourney" classname="com.vinay.service.impl.BarrierServiceImplTests" time="0.002"/>
  <testcase name="minZonesCrossed_shouldReturnMinimumZonesCrossedIfAmbiguous1" classname="com.vinay.service.impl.BarrierServiceImplTests" time="0.001"/>
  <testcase name="minZonesCrossed_shouldReturnMinimumZonesCrossedIfAmbiguous2" classname="com.vinay.service.impl.BarrierServiceImplTests" time="0"/>
  <testcase name="mustHaveCrossedZoneOne_shouldReturnFalseIfAmbiguous1" classname="com.vinay.service.impl.BarrierServiceImplTests" time="0.001"/>
  <testcase name="mustHaveCrossedZoneOne_shouldReturnFalseIfAmbiguous2" classname="com.vinay.service.impl.BarrierServiceImplTests" time="0.002"/>
  <testcase name="attemptToPassBarrier_shouldAddPassToJourneyRepository" classname="com.vinay.service.impl.BarrierServiceImplTests" time="0.001"/>
  <testcase name="attemptToPassBarrier_shouldRefundPreviousIntoTubeFareIfNewFareIsOutOfTube" classname="com.vinay.service.impl.BarrierServiceImplTests" time="0.001"/>
  <testcase name="mustHaveCrossedZoneOne_shouldReturnTrueIfOnlyInZoneOne" classname="com.vinay.service.impl.BarrierServiceImplTests" time="0.001"/>
  <testcase name="attemptToPassBarrier_shouldOnlyCharge180ForBusJourney" classname="com.vinay.service.impl.BarrierServiceImplTests" time="0.003"/>
</testsuite>